Using pre-set license
Built from '2021.1/staging' branch; Version is '2021.1.14f1 (51d2f824827f) revision 5362424'; Using compiler version '192528614'; Build Type 'Release'
OS: 'Windows 10 Pro; OS build 19042.1526; Version 2009; 64bit' Language: 'es' Physical Memory: 7883 MB
BatchMode: 1, IsHumanControllingUs: 0, StartBugReporterOnCrash: 0, Is64bit: 1, IsPro: 0

 COMMAND LINE ARGUMENTS:
C:\Program Files\Unity\Hub\Editor\2021.1.14f1\Editor\Unity.exe
-adb2
-batchMode
-noUpm
-name
AssetImportWorker0
-projectPath
C:/Users/lione/Documents/FinalProyect
-logFile
Logs/AssetImportWorker0.log
-srvPort
54130
Successfully changed project path to: C:/Users/lione/Documents/FinalProyect
C:/Users/lione/Documents/FinalProyect
Using Asset Import Pipeline V2.
Refreshing native plugins compatible for Editor in 101.24 ms, found 3 plugins.
Preloading 0 native plugins for Editor in 0.00 ms.
Initialize engine version: 2021.1.14f1 (51d2f824827f)
[Subsystems] Discovering subsystems at path C:/Program Files/Unity/Hub/Editor/2021.1.14f1/Editor/Data/Resources/UnitySubsystems
[Subsystems] Discovering subsystems at path C:/Users/lione/Documents/FinalProyect/Assets
GfxDevice: creating device client; threaded=0; jobified=0
Direct3D:
    Version:  Direct3D 11.0 [level 11.1]
    Renderer: Intel(R) HD Graphics 630 (ID=0x5912)
    Vendor:   Intel
    VRAM:     3941 MB
    Driver:   27.20.100.8681
Initialize mono
Mono path[0] = 'C:/Program Files/Unity/Hub/Editor/2021.1.14f1/Editor/Data/Managed'
Mono path[1] = 'C:/Program Files/Unity/Hub/Editor/2021.1.14f1/Editor/Data/MonoBleedingEdge/lib/mono/unityjit'
Mono config path = 'C:/Program Files/Unity/Hub/Editor/2021.1.14f1/Editor/Data/MonoBleedingEdge/etc'
Using monoOptions --debugger-agent=transport=dt_socket,embedding=1,server=y,suspend=n,address=127.0.0.1:56168
Begin MonoManager ReloadAssembly
Registering precompiled unity dll's ...
Register platform support module: C:/Program Files/Unity/Hub/Editor/2021.1.14f1/Editor/Data/PlaybackEngines/WebGLSupport/UnityEditor.WebGL.Extensions.dll
Register platform support module: C:/Program Files/Unity/Hub/Editor/2021.1.14f1/Editor/Data/PlaybackEngines/WindowsStandaloneSupport/UnityEditor.WindowsStandalone.Extensions.dll
Registered in 0.003588 seconds.
Native extension for WindowsStandalone target not found
Native extension for WebGL target not found
Refreshing native plugins compatible for Editor in 164.24 ms, found 3 plugins.
Preloading 0 native plugins for Editor in 0.00 ms.
Mono: successfully reloaded assembly
- Completed reload, in  3.976 seconds
Domain Reload Profiling:
	ReloadAssembly (3976ms)
		BeginReloadAssembly (188ms)
			ExecutionOrderSort (0ms)
			DisableScriptedObjects (0ms)
			BackupInstance (0ms)
			ReleaseScriptingObjects (0ms)
			CreateAndSetChildDomain (1ms)
		EndReloadAssembly (1039ms)
			LoadAssemblies (185ms)
			RebuildTransferFunctionScriptingTraits (0ms)
			SetupTypeCache (441ms)
			ReleaseScriptCaches (0ms)
			RebuildScriptCaches (60ms)
			SetupLoadedEditorAssemblies (394ms)
				LogAssemblyErrors (0ms)
				InitializePlatformSupportModulesInManaged (16ms)
				SetLoadedEditorAssemblies (1ms)
				RefreshPlugins (164ms)
				BeforeProcessingInitializeOnLoad (1ms)
				ProcessInitializeOnLoadAttributes (167ms)
				ProcessInitializeOnLoadMethodAttributes (44ms)
				AfterProcessingInitializeOnLoad (0ms)
				EditorAssembliesLoaded (0ms)
			ExecutionOrderSort2 (0ms)
			AwakeInstancesAfterBackupRestoration (0ms)
Platform modules already initialized, skipping
Registering precompiled user dll's ...
Registered in 0.013768 seconds.
Begin MonoManager ReloadAssembly
Symbol file LoadedFromMemory doesn't match image C:\Users\lione\Documents\FinalProyect\Library\PackageCache\com.unity.visualscripting@1.6.1\Editor\VisualScripting.Core\Dependencies\YamlDotNet\Unity.VisualScripting.YamlDotNet.dll
Symbol file LoadedFromMemory doesn't match image C:\Users\lione\Documents\FinalProyect\Library\PackageCache\com.unity.visualscripting@1.6.1\Editor\VisualScripting.Core\Dependencies\DotNetZip\Unity.VisualScripting.IonicZip.dll
Native extension for WindowsStandalone target not found
Native extension for WebGL target not found
Refreshing native plugins compatible for Editor in 0.57 ms, found 3 plugins.
Preloading 0 native plugins for Editor in 0.00 ms.
Mono: successfully reloaded assembly
- Completed reload, in  1.556 seconds
Domain Reload Profiling:
	ReloadAssembly (1557ms)
		BeginReloadAssembly (241ms)
			ExecutionOrderSort (0ms)
			DisableScriptedObjects (5ms)
			BackupInstance (0ms)
			ReleaseScriptingObjects (0ms)
			CreateAndSetChildDomain (39ms)
		EndReloadAssembly (1237ms)
			LoadAssemblies (144ms)
			RebuildTransferFunctionScriptingTraits (0ms)
			SetupTypeCache (448ms)
			ReleaseScriptCaches (1ms)
			RebuildScriptCaches (89ms)
			SetupLoadedEditorAssemblies (440ms)
				LogAssemblyErrors (0ms)
				InitializePlatformSupportModulesInManaged (6ms)
				SetLoadedEditorAssemblies (0ms)
				RefreshPlugins (1ms)
				BeforeProcessingInitializeOnLoad (102ms)
				ProcessInitializeOnLoadAttributes (314ms)
				ProcessInitializeOnLoadMethodAttributes (6ms)
				AfterProcessingInitializeOnLoad (9ms)
				EditorAssembliesLoaded (0ms)
			ExecutionOrderSort2 (0ms)
			AwakeInstancesAfterBackupRestoration (9ms)
Platform modules already initialized, skipping
========================================================================
Worker process is ready to serve import requests
Launched and connected shader compiler UnityShaderCompiler.exe after 0.17 seconds
Refreshing native plugins compatible for Editor in 0.59 ms, found 3 plugins.
Preloading 0 native plugins for Editor in 0.00 ms.
Unloading 2951 Unused Serialized files (Serialized files now loaded: 0)
System memory in use before: 120.1 MB.
System memory in use after: 120.2 MB.

Unloading 23 unused Assets to reduce memory usage. Loaded Objects now: 3415.
Total: 5.590600 ms (FindLiveObjects: 0.268300 ms CreateObjectMapping: 0.155500 ms MarkObjects: 5.054700 ms  DeleteObjects: 0.110500 ms)

AssetImportParameters requested are different than current active one (requested -> active):
  custom:framework-win-MediaFoundation: 216162199b28c13a410421893ffa2e32 -> 
  custom:video-decoder-ogg-theora: a1e56fd34408186e4bbccfd4996cb3dc -> 
  custom:container-muxer-webm: aa71ff27fc2769a1b78a27578f13a17b -> 
  custom:container-demuxer-webm: 4f35f7cbe854078d1ac9338744f61a02 -> 
  custom:container-demuxer-ogg: 62fdf1f143b41e24485cea50d1cbac27 -> 
  custom:video-encoder-webm-vp8: eb34c28f22e8b96e1ab97ce403110664 -> 
  custom:video-decoder-webm-vp8: 9c59270c3fd7afecdb556c50c9e8de78 -> 
  custom:audio-decoder-ogg-vorbis: bf7c407c2cedff20999df2af8eb42d56 -> 
  custom:audio-encoder-webm-vorbis: bf7c407c2cedff20999df2af8eb42d56 -> 
========================================================================
Received Import Request.
  path: Assets/Models/08.B0201-1/B0201@1.controller
  artifactKey: Guid(4e5210fba0fbc894b8a178a98d88cf9a) Importer(815301076,1909f56bfc062723c751e8b465ee728b)
Start importing Assets/Models/08.B0201-1/B0201@1.controller using Guid(4e5210fba0fbc894b8a178a98d88cf9a) Importer(815301076,1909f56bfc062723c751e8b465ee728b)  -> (artifact id: '11ae517626414bb6cf343b44a849f015') in 0.062152 seconds 
========================================================================
Received Import Request.
  Time since last request: 0.336859 seconds.
  path: Assets/Models/AnimeGirls/BaseCharacter/Demo files/AC.controller
  artifactKey: Guid(f198b02e0e99f8d458e8beaa4c101d65) Importer(815301076,1909f56bfc062723c751e8b465ee728b)
Start importing Assets/Models/AnimeGirls/BaseCharacter/Demo files/AC.controller using Guid(f198b02e0e99f8d458e8beaa4c101d65) Importer(815301076,1909f56bfc062723c751e8b465ee728b)  -> (artifact id: '5d4adb3a68777350432009891446cf2c') in 0.003921 seconds 
========================================================================
Received Import Request.
  Time since last request: 0.746727 seconds.
  path: Assets/Models/08.B0201-1/Role0201@1Settings.lighting
  artifactKey: Guid(e33c8c4188b39624cab4cba8ddaa9103) Importer(815301076,1909f56bfc062723c751e8b465ee728b)
Start importing Assets/Models/08.B0201-1/Role0201@1Settings.lighting using Guid(e33c8c4188b39624cab4cba8ddaa9103) Importer(815301076,1909f56bfc062723c751e8b465ee728b) LightingSettings: switching bake backend from 1 to 0.
 -> (artifact id: 'eb6d6c0f9abf1aa294a7364951b09a85') in 0.005276 seconds 
========================================================================
Received Import Request.
  Time since last request: 0.029078 seconds.
  path: Assets/Models/AnimeGirls/Casual1/Demo.unity
  artifactKey: Guid(2cae45722582e78408f2ad67a6e95179) Importer(815301076,1909f56bfc062723c751e8b465ee728b)
Start importing Assets/Models/AnimeGirls/Casual1/Demo.unity using Guid(2cae45722582e78408f2ad67a6e95179) Importer(815301076,1909f56bfc062723c751e8b465ee728b)  -> (artifact id: '9e72c29e6dc4f51941e3be24535b258d') in 0.002712 seconds 
========================================================================
Received Import Request.
  Time since last request: 0.170564 seconds.
  path: Assets/Models/AnimeGirls/Casual1/SourceFiles/Material
  artifactKey: Guid(263fc858b38dd8741bd947702ccb4b7f) Importer(815301076,1909f56bfc062723c751e8b465ee728b)
Start importing Assets/Models/AnimeGirls/Casual1/SourceFiles/Material using Guid(263fc858b38dd8741bd947702ccb4b7f) Importer(815301076,1909f56bfc062723c751e8b465ee728b)  -> (artifact id: '0aa948ff256c1060d00ee6ec5a0b8bcb') in 0.006054 seconds 
========================================================================
Received Import Request.
  Time since last request: 0.079179 seconds.
  path: Assets/Models/AnimeGirls/Casual1/SourceFiles/Material/Mat.mat
  artifactKey: Guid(584185f725cc8ec4f816013ff6b5e2cc) Importer(815301076,1909f56bfc062723c751e8b465ee728b)
Start importing Assets/Models/AnimeGirls/Casual1/SourceFiles/Material/Mat.mat using Guid(584185f725cc8ec4f816013ff6b5e2cc) Importer(815301076,1909f56bfc062723c751e8b465ee728b)  -> (artifact id: 'e0887bc19446608cfa837e55bfe5265a') in 6.274663 seconds 
========================================================================
Received Import Request.
  Time since last request: 0.009941 seconds.
  path: Assets/Models/AnimeGirls/Casual1/SourceFiles/Texture
  artifactKey: Guid(f0d0435794e0355479b752a628a6d438) Importer(815301076,1909f56bfc062723c751e8b465ee728b)
Start importing Assets/Models/AnimeGirls/Casual1/SourceFiles/Texture using Guid(f0d0435794e0355479b752a628a6d438) Importer(815301076,1909f56bfc062723c751e8b465ee728b)  -> (artifact id: '1b687f626dabb5b298f3b46732b57a48') in 0.002623 seconds 
========================================================================
Received Import Request.
  Time since last request: 0.596508 seconds.
  path: Assets/Scripts/FirstEnemyController.cs
  artifactKey: Guid(5590510cabee5334abc312cd9ddf2616) Importer(815301076,1909f56bfc062723c751e8b465ee728b)
Start importing Assets/Scripts/FirstEnemyController.cs using Guid(5590510cabee5334abc312cd9ddf2616) Importer(815301076,1909f56bfc062723c751e8b465ee728b)  -> (artifact id: '2386877ff6baf07656663facc11868f6') in 0.020277 seconds 
========================================================================
Received Import Request.
  Time since last request: 0.445700 seconds.
  path: Assets/Scripts/ColorChangeAPD.cs
  artifactKey: Guid(aa31a993d3a76ca44bc234e0463e1826) Importer(815301076,1909f56bfc062723c751e8b465ee728b)
Start importing Assets/Scripts/ColorChangeAPD.cs using Guid(aa31a993d3a76ca44bc234e0463e1826) Importer(815301076,1909f56bfc062723c751e8b465ee728b)  -> (artifact id: '5f579cfb6d61536eaa1bfb1bb0e0e751') in 0.004101 seconds 
========================================================================
Received Import Request.
  Time since last request: 0.536627 seconds.
  path: Assets/Models/AnimeGirls/BaseCharacter/BaseCharacter/Sourcefiles/Shader/DoubleSided.shader
  artifactKey: Guid(9566ab5898d15b44c83d8c8c7deb8865) Importer(815301076,1909f56bfc062723c751e8b465ee728b)
Start importing Assets/Models/AnimeGirls/BaseCharacter/BaseCharacter/Sourcefiles/Shader/DoubleSided.shader using Guid(9566ab5898d15b44c83d8c8c7deb8865) Importer(815301076,1909f56bfc062723c751e8b465ee728b)  -> (artifact id: 'b2b3dae1f16e135cd5fdbdf241581e21') in 0.006083 seconds 
========================================================================
Received Import Request.
  Time since last request: 0.174215 seconds.
  path: Assets/Models/Fantasy Forest Environment Free Sample/Scenes/assets.unity
  artifactKey: Guid(a143ab047b99a124ca579bc8e0366cd3) Importer(815301076,1909f56bfc062723c751e8b465ee728b)
Start importing Assets/Models/Fantasy Forest Environment Free Sample/Scenes/assets.unity using Guid(a143ab047b99a124ca579bc8e0366cd3) Importer(815301076,1909f56bfc062723c751e8b465ee728b)  -> (artifact id: '7c021565b6164ef42f96ba9a04df2079') in 0.013049 seconds 
========================================================================
Received Import Request.
  Time since last request: 0.048319 seconds.
  path: Assets/Scripts/AuditoryPulseDeviceController.cs
  artifactKey: Guid(17600ec981228754386474f4288901da) Importer(815301076,1909f56bfc062723c751e8b465ee728b)
Start importing Assets/Scripts/AuditoryPulseDeviceController.cs using Guid(17600ec981228754386474f4288901da) Importer(815301076,1909f56bfc062723c751e8b465ee728b)  -> (artifact id: 'dce8d0301a619829010a2d5d78a74468') in 0.013982 seconds 
========================================================================
Received Import Request.
  Time since last request: 0.003342 seconds.
  path: Assets/Scripts/FlashlightController.cs
  artifactKey: Guid(15f5cb60bbb592947bfd8f7f372a95d5) Importer(815301076,1909f56bfc062723c751e8b465ee728b)
Start importing Assets/Scripts/FlashlightController.cs using Guid(15f5cb60bbb592947bfd8f7f372a95d5) Importer(815301076,1909f56bfc062723c751e8b465ee728b)  -> (artifact id: 'ac3cc913acb95d6808408c8df64351b4') in 0.002856 seconds 
========================================================================
Received Import Request.
  Time since last request: 1.292683 seconds.
  path: Assets/Models/Fantasy Forest Environment Free Sample/StandardNoCulling.shader
  artifactKey: Guid(717bc8f73d5aea64caef02a0c07b1e3a) Importer(815301076,1909f56bfc062723c751e8b465ee728b)
Start importing Assets/Models/Fantasy Forest Environment Free Sample/StandardNoCulling.shader using Guid(717bc8f73d5aea64caef02a0c07b1e3a) Importer(815301076,1909f56bfc062723c751e8b465ee728b)  -> (artifact id: '805118b79a3bef199b1f86f9ea659b1c') in 0.002511 seconds 
========================================================================
Received Import Request.
  Time since last request: 0.181520 seconds.
  path: Assets/Models/Fantasy Forest Environment Free Sample/Scenes/demoScene_free.unity
  artifactKey: Guid(7769f33fb4fa2e5458344a36556ad760) Importer(815301076,1909f56bfc062723c751e8b465ee728b)
Start importing Assets/Models/Fantasy Forest Environment Free Sample/Scenes/demoScene_free.unity using Guid(7769f33fb4fa2e5458344a36556ad760) Importer(815301076,1909f56bfc062723c751e8b465ee728b)  -> (artifact id: 'ad8a28ebbca73aa73923fb5ead1b2f86') in 0.003629 seconds 
========================================================================
Received Import Request.
  Time since last request: 0.115729 seconds.
  path: Assets/Scenes/SampleScene.unity
  artifactKey: Guid(9fc0d4010bbf28b4594072e72b8655ab) Importer(815301076,1909f56bfc062723c751e8b465ee728b)
Start importing Assets/Scenes/SampleScene.unity using Guid(9fc0d4010bbf28b4594072e72b8655ab) Importer(815301076,1909f56bfc062723c751e8b465ee728b)  -> (artifact id: 'ec3311e8953a572fb95ab03668617acf') in 0.002862 seconds 
========================================================================
Received Import Request.
  Time since last request: 0.800376 seconds.
  path: Assets/Models/Fantasy Forest Environment Free Sample/Scenes/New Terrain.asset
  artifactKey: Guid(02bc0e2176f6a4e4ea3faf0c622664cf) Importer(815301076,1909f56bfc062723c751e8b465ee728b)
Start importing Assets/Models/Fantasy Forest Environment Free Sample/Scenes/New Terrain.asset using Guid(02bc0e2176f6a4e4ea3faf0c622664cf) Importer(815301076,1909f56bfc062723c751e8b465ee728b) Received signal SIGSEGV
Stack trace:
0x00007ff61f8caa24 (Unity) CreateAssetToGUIDMappingV2
0x00007ff61f87417a (Unity) AssetDatabase::CreateAssetToGUIDMapping
0x00007ff61ff6719b (Unity) SplatDatabase::CreateTerrainLayerAsset
0x00007ff61ff66060 (Unity) SplatDatabase::ConvertSplatsToTerrainLayers
0x00007ff61ff630bc (Unity) SplatDatabase::AwakeFromLoad
0x00007ff61ff9fdf6 (Unity) TerrainData::AwakeFromLoad
0x00007ff61efd711f (Unity) AwakeFromLoadQueue::InvokePersistentManagerAwake
0x00007ff61efd7ab2 (Unity) AwakeFromLoadQueue::PersistentManagerAwakeFromLoad
0x00007ff61efd7c3a (Unity) AwakeFromLoadQueue::PersistentManagerAwakeFromLoad
0x00007ff61efaba5f (Unity) PersistentManager::IntegrateAllThreadedObjects
0x00007ff61efac5c7 (Unity) PersistentManager::LoadAndIntegrateAllPreallocatedObjects
0x00007ff61efafae2 (Unity) PersistentManager::ReadObject
0x00007ff61f86d1c1 (Unity) WritePreviews
0x00007ff61f869bc3 (Unity) PreviewImporter::GenerateAssetData
0x00007ff61f9040ae (Unity) ImportToObjects
0x00007ff61f9030a8 (Unity) ImportAsset
0x00007ff61f8a179f (Unity) AssetImportWorker::Import
0x00007ff61f8c47c2 (Unity) <lambda_9a0c3c600e605f826d039b184a304624>::operator()
0x00007ff61f94af42 (Unity) asio::detail::completion_handler<core::mutable_function<void __cdecl(void)> >::do_complete
0x00007ff61f94d1b0 (Unity) asio::detail::win_iocp_io_service::do_one
0x00007ff61f95089e (Unity) asio::io_service::run
0x00007ff61f8ecd7a (Unity) RunAssetImportWorkerClientV2
0x00007ff61f8ecdd0 (Unity) RunAssetImporterV2
0x00007ff61f3f0677 (Unity) Application::InitializeProject
0x00007ff61f7ffd77 (Unity) WinMain
0x00007ff62132f402 (Unity) __scrt_common_main_seh
0x00007fffd5937034 (KERNEL32) BaseThreadInitThunk
0x00007fffd77c2651 (ntdll) RtlUserThreadStart

